

Started GET "/" for ::1 at 2016-02-17 19:03:16 -0200

ActiveRecord::NoDatabaseError (FATAL:  database "teste_development" does not exist
):
  activerecord (4.2.4) lib/active_record/connection_adapters/postgresql_adapter.rb:665:in `rescue in connect'
  activerecord (4.2.4) lib/active_record/connection_adapters/postgresql_adapter.rb:655:in `connect'
  activerecord (4.2.4) lib/active_record/connection_adapters/postgresql_adapter.rb:242:in `initialize'
  activerecord (4.2.4) lib/active_record/connection_adapters/postgresql_adapter.rb:44:in `new'
  activerecord (4.2.4) lib/active_record/connection_adapters/postgresql_adapter.rb:44:in `postgresql_connection'
  activerecord (4.2.4) lib/active_record/connection_adapters/abstract/connection_pool.rb:438:in `new_connection'
  activerecord (4.2.4) lib/active_record/connection_adapters/abstract/connection_pool.rb:448:in `checkout_new_connection'
  activerecord (4.2.4) lib/active_record/connection_adapters/abstract/connection_pool.rb:422:in `acquire_connection'
  activerecord (4.2.4) lib/active_record/connection_adapters/abstract/connection_pool.rb:349:in `block in checkout'
  /Users/mariosilveira/.rbenv/versions/2.2.3/lib/ruby/2.2.0/monitor.rb:211:in `mon_synchronize'
  activerecord (4.2.4) lib/active_record/connection_adapters/abstract/connection_pool.rb:348:in `checkout'
  activerecord (4.2.4) lib/active_record/connection_adapters/abstract/connection_pool.rb:263:in `block in connection'
  /Users/mariosilveira/.rbenv/versions/2.2.3/lib/ruby/2.2.0/monitor.rb:211:in `mon_synchronize'
  activerecord (4.2.4) lib/active_record/connection_adapters/abstract/connection_pool.rb:262:in `connection'
  activerecord (4.2.4) lib/active_record/connection_adapters/abstract/connection_pool.rb:571:in `retrieve_connection'
  activerecord (4.2.4) lib/active_record/connection_handling.rb:113:in `retrieve_connection'
  activerecord (4.2.4) lib/active_record/connection_handling.rb:87:in `connection'
  activerecord (4.2.4) lib/active_record/migration.rb:383:in `connection'
  activerecord (4.2.4) lib/active_record/migration.rb:370:in `call'
  actionpack (4.2.4) lib/action_dispatch/middleware/callbacks.rb:29:in `block in call'
  activesupport (4.2.4) lib/active_support/callbacks.rb:88:in `__run_callbacks__'
  activesupport (4.2.4) lib/active_support/callbacks.rb:778:in `_run_call_callbacks'
  activesupport (4.2.4) lib/active_support/callbacks.rb:81:in `run_callbacks'
  actionpack (4.2.4) lib/action_dispatch/middleware/callbacks.rb:27:in `call'
  actionpack (4.2.4) lib/action_dispatch/middleware/reloader.rb:73:in `call'
  actionpack (4.2.4) lib/action_dispatch/middleware/remote_ip.rb:78:in `call'
  actionpack (4.2.4) lib/action_dispatch/middleware/debug_exceptions.rb:17:in `call'
  web-console (2.3.0) lib/web_console/middleware.rb:28:in `block in call'
  web-console (2.3.0) lib/web_console/middleware.rb:18:in `catch'
  web-console (2.3.0) lib/web_console/middleware.rb:18:in `call'
  actionpack (4.2.4) lib/action_dispatch/middleware/show_exceptions.rb:30:in `call'
  railties (4.2.4) lib/rails/rack/logger.rb:38:in `call_app'
  railties (4.2.4) lib/rails/rack/logger.rb:20:in `block in call'
  activesupport (4.2.4) lib/active_support/tagged_logging.rb:68:in `block in tagged'
  activesupport (4.2.4) lib/active_support/tagged_logging.rb:26:in `tagged'
  activesupport (4.2.4) lib/active_support/tagged_logging.rb:68:in `tagged'
  railties (4.2.4) lib/rails/rack/logger.rb:20:in `call'
  actionpack (4.2.4) lib/action_dispatch/middleware/request_id.rb:21:in `call'
  rack (1.6.4) lib/rack/methodoverride.rb:22:in `call'
  rack (1.6.4) lib/rack/runtime.rb:18:in `call'
  activesupport (4.2.4) lib/active_support/cache/strategy/local_cache_middleware.rb:28:in `call'
  rack (1.6.4) lib/rack/lock.rb:17:in `call'
  actionpack (4.2.4) lib/action_dispatch/middleware/static.rb:116:in `call'
  rack (1.6.4) lib/rack/sendfile.rb:113:in `call'
  railties (4.2.4) lib/rails/engine.rb:518:in `call'
  railties (4.2.4) lib/rails/application.rb:165:in `call'
  rack (1.6.4) lib/rack/lock.rb:17:in `call'
  rack (1.6.4) lib/rack/content_length.rb:15:in `call'
  rack (1.6.4) lib/rack/handler/webrick.rb:88:in `service'
  /Users/mariosilveira/.rbenv/versions/2.2.3/lib/ruby/2.2.0/webrick/httpserver.rb:138:in `service'
  /Users/mariosilveira/.rbenv/versions/2.2.3/lib/ruby/2.2.0/webrick/httpserver.rb:94:in `run'
  /Users/mariosilveira/.rbenv/versions/2.2.3/lib/ruby/2.2.0/webrick/server.rb:294:in `block in start_thread'


  Rendered /Users/mariosilveira/.rbenv/versions/2.2.3/lib/ruby/gems/2.2.0/gems/actionpack-4.2.4/lib/action_dispatch/middleware/templates/rescues/_source.erb (4.1ms)
  Rendered /Users/mariosilveira/.rbenv/versions/2.2.3/lib/ruby/gems/2.2.0/gems/actionpack-4.2.4/lib/action_dispatch/middleware/templates/rescues/_trace.html.erb (1.9ms)
  Rendered /Users/mariosilveira/.rbenv/versions/2.2.3/lib/ruby/gems/2.2.0/gems/actionpack-4.2.4/lib/action_dispatch/middleware/templates/rescues/_request_and_response.html.erb (1.1ms)
  Rendered /Users/mariosilveira/.rbenv/versions/2.2.3/lib/ruby/gems/2.2.0/gems/actionpack-4.2.4/lib/action_dispatch/middleware/templates/rescues/diagnostics.html.erb within rescues/layout (86.7ms)
  Rendered /Users/mariosilveira/.rbenv/versions/2.2.3/lib/ruby/gems/2.2.0/gems/web-console-2.3.0/lib/web_console/templates/_markup.html.erb (0.5ms)
  Rendered /Users/mariosilveira/.rbenv/versions/2.2.3/lib/ruby/gems/2.2.0/gems/web-console-2.3.0/lib/web_console/templates/_inner_console_markup.html.erb within layouts/inlined_string (0.3ms)
  Rendered /Users/mariosilveira/.rbenv/versions/2.2.3/lib/ruby/gems/2.2.0/gems/web-console-2.3.0/lib/web_console/templates/_prompt_box_markup.html.erb within layouts/inlined_string (0.4ms)
  Rendered /Users/mariosilveira/.rbenv/versions/2.2.3/lib/ruby/gems/2.2.0/gems/web-console-2.3.0/lib/web_console/templates/style.css.erb within layouts/inlined_string (0.4ms)
  Rendered /Users/mariosilveira/.rbenv/versions/2.2.3/lib/ruby/gems/2.2.0/gems/web-console-2.3.0/lib/web_console/templates/console.js.erb within layouts/javascript (127.5ms)
  Rendered /Users/mariosilveira/.rbenv/versions/2.2.3/lib/ruby/gems/2.2.0/gems/web-console-2.3.0/lib/web_console/templates/main.js.erb within layouts/javascript (0.3ms)
  Rendered /Users/mariosilveira/.rbenv/versions/2.2.3/lib/ruby/gems/2.2.0/gems/web-console-2.3.0/lib/web_console/templates/error_page.js.erb within layouts/javascript (0.5ms)
  Rendered /Users/mariosilveira/.rbenv/versions/2.2.3/lib/ruby/gems/2.2.0/gems/web-console-2.3.0/lib/web_console/templates/index.html.erb (221.6ms)
  [1m[36m (165.0ms)[0m  [1mCREATE TABLE "schema_migrations" ("version" character varying NOT NULL) [0m
  [1m[35m (1.7ms)[0m  CREATE UNIQUE INDEX  "unique_schema_migrations" ON "schema_migrations"  ("version")
  [1m[36mActiveRecord::SchemaMigration Load (0.3ms)[0m  [1mSELECT "schema_migrations".* FROM "schema_migrations"[0m


Started GET "/" for ::1 at 2016-02-17 19:14:30 -0200
Processing by Rails::WelcomeController#index as HTML
  Rendered /Users/mariosilveira/.rbenv/versions/2.2.3/lib/ruby/gems/2.2.0/gems/railties-4.2.4/lib/rails/templates/rails/welcome/index.html.erb (1.0ms)
Completed 200 OK in 25ms (Views: 4.7ms | ActiveRecord: 0.0ms)


Started GET "/" for ::1 at 2016-02-17 19:14:37 -0200
Processing by Rails::WelcomeController#index as HTML
  Rendered /Users/mariosilveira/.rbenv/versions/2.2.3/lib/ruby/gems/2.2.0/gems/railties-4.2.4/lib/rails/templates/rails/welcome/index.html.erb (0.1ms)
Completed 200 OK in 18ms (Views: 17.5ms | ActiveRecord: 0.0ms)
  [1m[36mActiveRecord::SchemaMigration Load (0.3ms)[0m  [1mSELECT "schema_migrations".* FROM "schema_migrations"[0m
Migrating to CreateClientes (20160217212526)
  [1m[35m (8.0ms)[0m  BEGIN
  [1m[36m (109.2ms)[0m  [1mCREATE TABLE "clientes" ("id" serial primary key, "nome" character varying, "categoria" character varying, "created_at" timestamp NOT NULL, "updated_at" timestamp NOT NULL) [0m
  [1m[35mSQL (0.6ms)[0m  INSERT INTO "schema_migrations" ("version") VALUES ($1)  [["version", "20160217212526"]]
  [1m[36m (10.4ms)[0m  [1mCOMMIT[0m
  [1m[35mActiveRecord::SchemaMigration Load (0.3ms)[0m  SELECT "schema_migrations".* FROM "schema_migrations"
  [1m[36m (2.7ms)[0m  [1mSELECT t2.oid::regclass::text AS to_table, a1.attname AS column, a2.attname AS primary_key, c.conname AS name, c.confupdtype AS on_update, c.confdeltype AS on_delete
FROM pg_constraint c
JOIN pg_class t1 ON c.conrelid = t1.oid
JOIN pg_class t2 ON c.confrelid = t2.oid
JOIN pg_attribute a1 ON a1.attnum = c.conkey[1] AND a1.attrelid = t1.oid
JOIN pg_attribute a2 ON a2.attnum = c.confkey[1] AND a2.attrelid = t2.oid
JOIN pg_namespace t3 ON c.connamespace = t3.oid
WHERE c.contype = 'f'
  AND t1.relname = 'clientes'
  AND t3.nspname = ANY (current_schemas(false))
ORDER BY c.conname
[0m


Started GET "/clientes" for ::1 at 2016-02-17 19:27:17 -0200
  [1m[36mActiveRecord::SchemaMigration Load (0.5ms)[0m  [1mSELECT "schema_migrations".* FROM "schema_migrations"[0m
Processing by ClientesController#index as HTML
  [1m[35mCliente Load (8.6ms)[0m  SELECT "clientes".* FROM "clientes"
  Rendered clientes/index.html.erb within layouts/application (20.2ms)
Completed 200 OK in 2293ms (Views: 2280.4ms | ActiveRecord: 9.3ms)


Started GET "/assets/clientes.self-e3b0c44298fc1c149afbf4c8996fb92427ae41e4649b934ca495991b7852b855.css?body=1" for ::1 at 2016-02-17 19:27:19 -0200


Started GET "/assets/scaffolds.self-5ac1de465adccfdd6e20abef7e13e6c834068790a1cfa787afccd1d9d66e43a7.css?body=1" for ::1 at 2016-02-17 19:27:19 -0200


Started GET "/assets/application.self-e80e8f2318043e8af94dddc2adad5a4f09739a8ebb323b3ab31cd71d45fd9113.css?body=1" for ::1 at 2016-02-17 19:27:20 -0200


Started GET "/assets/jquery.self-c64a74367bda6ef8b860f19e74df08927ca99d2be2ac934e9e92d5fd361e0da4.js?body=1" for ::1 at 2016-02-17 19:27:20 -0200


Started GET "/assets/jquery_ujs.self-d602bdfe68ffc63b9f9cc512872aa3cfff046228a0a36e90dd476e8ef54c1b09.js?body=1" for ::1 at 2016-02-17 19:27:20 -0200


Started GET "/assets/turbolinks.self-c37727e9bd6b2735da5c311aa83fead54ed0be6cc8bd9a65309e9c5abe2cbfff.js?body=1" for ::1 at 2016-02-17 19:27:20 -0200


Started GET "/assets/clientes.self-877aef30ae1b040ab8a3aba4e3e309a11d7f2612f44dde450b5c157aa5f95c05.js?body=1" for ::1 at 2016-02-17 19:27:20 -0200


Started GET "/assets/application.self-3b8dabdc891efe46b9a144b400ad69e37d7e5876bdc39dee783419a69d7ca819.js?body=1" for ::1 at 2016-02-17 19:27:20 -0200


Started GET "/clientes/new" for ::1 at 2016-02-17 19:27:25 -0200
Processing by ClientesController#new as HTML
  Rendered clientes/_form.html.erb (100.3ms)
  Rendered clientes/new.html.erb within layouts/application (103.1ms)
Completed 200 OK in 210ms (Views: 201.9ms | ActiveRecord: 2.5ms)


Started POST "/clientes" for ::1 at 2016-02-17 19:27:30 -0200
Processing by ClientesController#create as HTML
  Parameters: {"utf8"=>"✓", "authenticity_token"=>"F/wg8zj/r1YwFD+4oeoKqe/k0zQyaVEIp4nMrrssVmjKmilni/5GB2phkUxIHxY7r/a/ggznmWZ6BxfS/3DRdQ==", "cliente"=>{"nome"=>"mario", "categoria"=>"opa"}, "commit"=>"Create Cliente"}
  [1m[36m (0.1ms)[0m  [1mBEGIN[0m
  [1m[35mSQL (83.3ms)[0m  INSERT INTO "clientes" ("nome", "categoria", "created_at", "updated_at") VALUES ($1, $2, $3, $4) RETURNING "id"  [["nome", "mario"], ["categoria", "opa"], ["created_at", "2016-02-17 21:27:30.670989"], ["updated_at", "2016-02-17 21:27:30.670989"]]
  [1m[36m (16.9ms)[0m  [1mCOMMIT[0m
Redirected to http://localhost:3000/clientes/1
Completed 302 Found in 122ms (ActiveRecord: 100.5ms)


Started GET "/clientes/1" for ::1 at 2016-02-17 19:27:30 -0200
Processing by ClientesController#show as HTML
  Parameters: {"id"=>"1"}
  [1m[35mCliente Load (0.3ms)[0m  SELECT  "clientes".* FROM "clientes" WHERE "clientes"."id" = $1 LIMIT 1  [["id", 1]]
  Rendered clientes/show.html.erb within layouts/application (1.2ms)
Completed 200 OK in 68ms (Views: 38.8ms | ActiveRecord: 0.3ms)


Started GET "/clientes/1/edit" for ::1 at 2016-02-17 19:28:38 -0200
Processing by ClientesController#edit as HTML
  Parameters: {"id"=>"1"}
  [1m[36mCliente Load (0.3ms)[0m  [1mSELECT  "clientes".* FROM "clientes" WHERE "clientes"."id" = $1 LIMIT 1[0m  [["id", 1]]
  Rendered clientes/_form.html.erb (2.7ms)
  Rendered clientes/edit.html.erb within layouts/application (5.8ms)
Completed 200 OK in 110ms (Views: 108.6ms | ActiveRecord: 0.3ms)


Started PATCH "/clientes/1" for ::1 at 2016-02-17 19:28:42 -0200
Processing by ClientesController#update as HTML
  Parameters: {"utf8"=>"✓", "authenticity_token"=>"0S7MpELRRaoccp85PMutDFACRQr1b+vh7yQM9slkm38MSMUw8dCs+0YHMc3VPrGeEBApvMvhI48yqteKjTgcYg==", "cliente"=>{"nome"=>"marioss", "categoria"=>"opa"}, "commit"=>"Update Cliente", "id"=>"1"}
  [1m[35mCliente Load (0.4ms)[0m  SELECT  "clientes".* FROM "clientes" WHERE "clientes"."id" = $1 LIMIT 1  [["id", 1]]
  [1m[36m (0.1ms)[0m  [1mBEGIN[0m
  [1m[35mSQL (5.1ms)[0m  UPDATE "clientes" SET "nome" = $1, "updated_at" = $2 WHERE "clientes"."id" = $3  [["nome", "marioss"], ["updated_at", "2016-02-17 21:28:42.163436"], ["id", 1]]
  [1m[36m (11.5ms)[0m  [1mCOMMIT[0m
Redirected to http://localhost:3000/clientes/1
Completed 302 Found in 37ms (ActiveRecord: 17.1ms)


Started GET "/clientes/1" for ::1 at 2016-02-17 19:28:42 -0200
Processing by ClientesController#show as HTML
  Parameters: {"id"=>"1"}
  [1m[35mCliente Load (0.3ms)[0m  SELECT  "clientes".* FROM "clientes" WHERE "clientes"."id" = $1 LIMIT 1  [["id", 1]]
  Rendered clientes/show.html.erb within layouts/application (0.9ms)
Completed 200 OK in 38ms (Views: 36.0ms | ActiveRecord: 0.3ms)


Started GET "/clientes" for ::1 at 2016-02-17 19:29:53 -0200
Processing by ClientesController#index as HTML
  [1m[36mCliente Load (0.3ms)[0m  [1mSELECT "clientes".* FROM "clientes"[0m
  Rendered clientes/index.html.erb within layouts/application (2.8ms)
Completed 200 OK in 69ms (Views: 67.9ms | ActiveRecord: 0.3ms)


Started GET "/" for ::1 at 2016-02-17 19:32:05 -0200

NameError (undefined local variable or method `index' for #<ActionDispatch::Routing::Mapper:0x007ff5f6a4ab70>):
  config/routes.rb:5:in `block in <top (required)>'
  config/routes.rb:1:in `<top (required)>'


  Rendered /Users/mariosilveira/.rbenv/versions/2.2.3/lib/ruby/gems/2.2.0/gems/actionpack-4.2.4/lib/action_dispatch/middleware/templates/rescues/_source.erb (4.2ms)
  Rendered /Users/mariosilveira/.rbenv/versions/2.2.3/lib/ruby/gems/2.2.0/gems/actionpack-4.2.4/lib/action_dispatch/middleware/templates/rescues/_trace.html.erb (2.2ms)
  Rendered /Users/mariosilveira/.rbenv/versions/2.2.3/lib/ruby/gems/2.2.0/gems/actionpack-4.2.4/lib/action_dispatch/middleware/templates/rescues/_request_and_response.html.erb (1.2ms)
  Rendered /Users/mariosilveira/.rbenv/versions/2.2.3/lib/ruby/gems/2.2.0/gems/actionpack-4.2.4/lib/action_dispatch/middleware/templates/rescues/diagnostics.html.erb within rescues/layout (79.6ms)
  Rendered /Users/mariosilveira/.rbenv/versions/2.2.3/lib/ruby/gems/2.2.0/gems/web-console-2.3.0/lib/web_console/templates/_markup.html.erb (0.4ms)
  Rendered /Users/mariosilveira/.rbenv/versions/2.2.3/lib/ruby/gems/2.2.0/gems/web-console-2.3.0/lib/web_console/templates/_inner_console_markup.html.erb within layouts/inlined_string (0.3ms)
  Rendered /Users/mariosilveira/.rbenv/versions/2.2.3/lib/ruby/gems/2.2.0/gems/web-console-2.3.0/lib/web_console/templates/_prompt_box_markup.html.erb within layouts/inlined_string (0.3ms)
  Rendered /Users/mariosilveira/.rbenv/versions/2.2.3/lib/ruby/gems/2.2.0/gems/web-console-2.3.0/lib/web_console/templates/style.css.erb within layouts/inlined_string (0.5ms)
  Rendered /Users/mariosilveira/.rbenv/versions/2.2.3/lib/ruby/gems/2.2.0/gems/web-console-2.3.0/lib/web_console/templates/console.js.erb within layouts/javascript (74.5ms)
  Rendered /Users/mariosilveira/.rbenv/versions/2.2.3/lib/ruby/gems/2.2.0/gems/web-console-2.3.0/lib/web_console/templates/main.js.erb within layouts/javascript (0.3ms)
  Rendered /Users/mariosilveira/.rbenv/versions/2.2.3/lib/ruby/gems/2.2.0/gems/web-console-2.3.0/lib/web_console/templates/error_page.js.erb within layouts/javascript (0.5ms)
  Rendered /Users/mariosilveira/.rbenv/versions/2.2.3/lib/ruby/gems/2.2.0/gems/web-console-2.3.0/lib/web_console/templates/index.html.erb (164.5ms)


Started GET "/" for ::1 at 2016-02-17 19:32:16 -0200
Processing by ClientesController#index as HTML
  [1m[35mCliente Load (0.5ms)[0m  SELECT "clientes".* FROM "clientes"
  Rendered clientes/index.html.erb within layouts/application (8.6ms)
Completed 200 OK in 97ms (Views: 91.3ms | ActiveRecord: 2.9ms)


Started GET "/assets/scaffolds.self-5ac1de465adccfdd6e20abef7e13e6c834068790a1cfa787afccd1d9d66e43a7.css?body=1" for ::1 at 2016-02-17 19:32:16 -0200


Started GET "/assets/clientes.self-e3b0c44298fc1c149afbf4c8996fb92427ae41e4649b934ca495991b7852b855.css?body=1" for ::1 at 2016-02-17 19:32:16 -0200


Started GET "/assets/jquery_ujs.self-d602bdfe68ffc63b9f9cc512872aa3cfff046228a0a36e90dd476e8ef54c1b09.js?body=1" for ::1 at 2016-02-17 19:32:16 -0200


Started GET "/assets/application.self-e80e8f2318043e8af94dddc2adad5a4f09739a8ebb323b3ab31cd71d45fd9113.css?body=1" for ::1 at 2016-02-17 19:32:16 -0200


Started GET "/assets/jquery.self-c64a74367bda6ef8b860f19e74df08927ca99d2be2ac934e9e92d5fd361e0da4.js?body=1" for ::1 at 2016-02-17 19:32:16 -0200


Started GET "/assets/clientes.self-877aef30ae1b040ab8a3aba4e3e309a11d7f2612f44dde450b5c157aa5f95c05.js?body=1" for ::1 at 2016-02-17 19:32:16 -0200


Started GET "/assets/turbolinks.self-c37727e9bd6b2735da5c311aa83fead54ed0be6cc8bd9a65309e9c5abe2cbfff.js?body=1" for ::1 at 2016-02-17 19:32:16 -0200


Started GET "/assets/application.self-3b8dabdc891efe46b9a144b400ad69e37d7e5876bdc39dee783419a69d7ca819.js?body=1" for ::1 at 2016-02-17 19:32:16 -0200
