20150422 190711 - oi
20150422 190719 - produtosfdsfsf 185,184,230,387,7,152,328,172,168,153,171,264,241,388,161,154,329,348,367,181,175,246,245,178,177,169,170,156,183,225,237,239,257,262,244,182,202,203,265,266,267,269,293,291,292,389,390,391,162,164,231,270,330,335,349,354,368,373,278,186,189,247,187,252,253,249,193,194,195,248,197,198,199,200,201,216,217,218,219,220,221,222,226,227,238,240,254,255,256,261,259,260,263,284,285,286,386,163,166,165,167,232,272,275,295,296,331,336,340,344,350,355,359,363,369,374,378,382,279,283,204,205,206,207,208,209,210,211,212,213,214,215,233,234,235,281,274,282,277,297,298,299,300,332,333,334,337,338,339,341,342,343,345,346,347,351,352,353,356,357,358,360,361,362,364,365,366,370,371,372,375,376,377,379,380,381,383,384,385,
20150422 190721 - produtosfdsfsf 264,241,265,266,267,269,291,292,389,390,391,
20150422 190732 - 1<br>
20150422 190732 - 230<br>
20150422 190732 - 0<br>
20150422 190732 - 25<br>
20150422 190732 - dentro 230
20150422 190732 - produtosfdsfsf 264,241,265,266,267,269,291,292,389,390,391,
20150422 190732 - dentro do service depois dos ifs
20150422 190732 - repsP -> AND p.cod_representante = 25 prodsA -> AND p.CodProduto IN (264,241,265,266,267,269,291,292,389,390,391) prods -> CodProduto IN ( 264,241,265,266,267,269,291,292,389,390,391 ) reps -> AND cod_representante = 25 reps_ -> cod_rep = 25 AND  reps3 ->  dias -> 1
20150422 190735 - PDOStatement Object
(
    [queryString] => SELECT cod, razao_social, u.ultimaData
                                         FROM sospic.cad_clientes c
                                        
                                         LEFT JOIN (
                                         SELECT p.cod_cli
                                         FROM pedidos p
                                         WHERE TO_DAYS(NOW()) - TO_DAYS(p.datas) <= 1
                                         AND p.cod_representante = 25
                                         AND p.CodProduto IN (264,241,265,266,267,269,291,292,389,390,391)
                                         GROUP BY cod_cli
                                         ) as v ON (v.cod_cli = c.cod)
                                        
                                         LEFT JOIN (
                                         SELECT cod_cli, max(datas) as ultimaData
                                         FROM pedidos
                                         WHERE 
                                         CodProduto IN ( 264,241,265,266,267,269,291,292,389,390,391 )
                                         
                                         AND cod_representante = 25
                                         GROUP BY cod_cli
                                         ) as u ON (u.cod_cli = c.cod)
                                        
                                        WHERE cod_rep = 25 AND  v.cod_cli IS NULL
)

20150422 190737 - 50<br>
20150422 190737 - 230<br>
20150422 190737 - 0<br>
20150422 190737 - 25<br>
20150422 190737 - dentro 230
20150422 190737 - produtosfdsfsf 264,241,265,266,267,269,291,292,389,390,391,
20150422 190737 - dentro do service depois dos ifs
20150422 190737 - repsP -> AND p.cod_representante = 25 prodsA -> AND p.CodProduto IN (264,241,265,266,267,269,291,292,389,390,391) prods -> CodProduto IN ( 264,241,265,266,267,269,291,292,389,390,391 ) reps -> AND cod_representante = 25 reps_ -> cod_rep = 25 AND  reps3 ->  dias -> 50
20150422 190738 - PDOStatement Object
(
    [queryString] => SELECT cod, razao_social, u.ultimaData
                                         FROM sospic.cad_clientes c
                                        
                                         LEFT JOIN (
                                         SELECT p.cod_cli
                                         FROM pedidos p
                                         WHERE TO_DAYS(NOW()) - TO_DAYS(p.datas) <= 50
                                         AND p.cod_representante = 25
                                         AND p.CodProduto IN (264,241,265,266,267,269,291,292,389,390,391)
                                         GROUP BY cod_cli
                                         ) as v ON (v.cod_cli = c.cod)
                                        
                                         LEFT JOIN (
                                         SELECT cod_cli, max(datas) as ultimaData
                                         FROM pedidos
                                         WHERE 
                                         CodProduto IN ( 264,241,265,266,267,269,291,292,389,390,391 )
                                         
                                         AND cod_representante = 25
                                         GROUP BY cod_cli
                                         ) as u ON (u.cod_cli = c.cod)
                                        
                                        WHERE cod_rep = 25 AND  v.cod_cli IS NULL
)

20150422 190745 - 50<br>
20150422 190745 - 230<br>
20150422 190745 - 0<br>
20150422 190745 - 10<br>
20150422 190745 - dentro 230
20150422 190745 - produtosfdsfsf 264,241,265,266,267,269,291,292,389,390,391,
20150422 190745 - dentro do service depois dos ifs
20150422 190745 - repsP -> AND p.cod_representante = 10 prodsA -> AND p.CodProduto IN (264,241,265,266,267,269,291,292,389,390,391) prods -> CodProduto IN ( 264,241,265,266,267,269,291,292,389,390,391 ) reps -> AND cod_representante = 10 reps_ -> cod_rep = 10 AND  reps3 ->  dias -> 50
20150422 190746 - PDOStatement Object
(
    [queryString] => SELECT cod, razao_social, u.ultimaData
                                         FROM sospic.cad_clientes c
                                        
                                         LEFT JOIN (
                                         SELECT p.cod_cli
                                         FROM pedidos p
                                         WHERE TO_DAYS(NOW()) - TO_DAYS(p.datas) <= 50
                                         AND p.cod_representante = 10
                                         AND p.CodProduto IN (264,241,265,266,267,269,291,292,389,390,391)
                                         GROUP BY cod_cli
                                         ) as v ON (v.cod_cli = c.cod)
                                        
                                         LEFT JOIN (
                                         SELECT cod_cli, max(datas) as ultimaData
                                         FROM pedidos
                                         WHERE 
                                         CodProduto IN ( 264,241,265,266,267,269,291,292,389,390,391 )
                                         
                                         AND cod_representante = 10
                                         GROUP BY cod_cli
                                         ) as u ON (u.cod_cli = c.cod)
                                        
                                        WHERE cod_rep = 10 AND  v.cod_cli IS NULL
)

20150422 190840 - 50<br>
20150422 190840 - 230<br>
20150422 190840 - 0<br>
20150422 190840 - 10<br>
20150422 190840 - dentro 230
20150422 190840 - produtosfdsfsf 264,241,265,266,267,269,291,292,389,390,391,
20150422 190840 - dentro do service depois dos ifs
20150422 190840 - repsP -> AND p.cod_representante = 10 prodsA -> AND p.CodProduto IN (264,241,265,266,267,269,291,292,389,390,391) prods -> CodProduto IN ( 264,241,265,266,267,269,291,292,389,390,391 ) reps -> AND cod_representante = 10 reps_ -> cod_rep = 10 AND  reps3 ->  dias -> 50
20150422 190843 - PDOStatement Object
(
    [queryString] => SELECT cod, razao_social, u.ultimaData
                                         FROM sospic.cad_clientes c
                                        
                                         LEFT JOIN (
                                         SELECT p.cod_cli
                                         FROM pedidos p
                                         WHERE TO_DAYS(NOW()) - TO_DAYS(p.datas) <= 50
                                         AND p.cod_representante = 10
                                         AND p.CodProduto IN (264,241,265,266,267,269,291,292,389,390,391)
                                         GROUP BY cod_cli
                                         ) as v ON (v.cod_cli = c.cod)
                                        
                                         LEFT JOIN (
                                         SELECT cod_cli, max(datas) as ultimaData
                                         FROM pedidos
                                         WHERE 
                                         CodProduto IN ( 264,241,265,266,267,269,291,292,389,390,391 )
                                         
                                         AND cod_representante = 10
                                         GROUP BY cod_cli
                                         ) as u ON (u.cod_cli = c.cod)
                                        
                                        WHERE cod_rep = 10 AND  v.cod_cli IS NULL
)

